TN:
SF:src\App.tsx
FN:1,(empty-report)
FNF:1
FNH:0
FNDA:0,(empty-report)
DA:1,0
DA:2,0
DA:3,0
DA:5,0
DA:6,0
DA:7,0
DA:8,0
DA:9,0
DA:11,0
DA:13,0
LF:10
LH:0
BRDA:1,0,0,0
BRF:1
BRH:0
end_of_record
TN:
SF:src\main.tsx
FN:1,(empty-report)
FNF:1
FNH:0
FNDA:0,(empty-report)
DA:1,0
DA:2,0
DA:3,0
DA:5,0
DA:6,0
DA:7,0
DA:8,0
DA:9,0
LF:8
LH:0
BRDA:1,0,0,0
BRF:1
BRH:0
end_of_record
TN:
SF:src\components\cardItem\cardItem.tsx
FN:10,CardItem
FNF:1
FNH:1
FNDA:5,CardItem
DA:1,1
DA:2,1
DA:10,5
DA:11,5
DA:13,5
DA:14,5
DA:15,5
DA:16,5
DA:17,5
DA:18,5
DA:19,5
DA:20,5
DA:21,5
DA:23,5
DA:24,5
DA:25,5
DA:26,5
DA:27,5
DA:28,5
DA:30,5
DA:31,5
DA:32,5
DA:33,5
DA:35,5
DA:37,1
LF:25
LH:25
BRDA:10,0,0,5
BRF:1
BRH:1
end_of_record
TN:
SF:src\components\modal\modal.tsx
FN:17,Modal
FNF:1
FNH:1
FNDA:16,Modal
DA:1,1
DA:17,16
DA:18,16
DA:19,16
DA:20,16
DA:21,16
DA:22,16
DA:23,16
DA:24,16
DA:25,16
DA:26,16
DA:27,16
DA:28,16
DA:30,16
DA:32,16
DA:33,16
DA:35,16
DA:36,16
DA:37,16
DA:39,16
DA:40,1
LF:21
LH:21
BRDA:17,0,0,16
BRF:1
BRH:1
end_of_record
TN:
SF:src\components\title\title.tsx
FN:6,Title
FN:22,onClick
FN:28,handleClose
FNF:3
FNH:2
FNDA:5,Title
FNDA:1,onClick
FNDA:0,handleClose
DA:1,1
DA:2,1
DA:3,1
DA:4,1
DA:6,5
DA:7,5
DA:9,5
DA:10,5
DA:11,5
DA:12,5
DA:13,5
DA:14,5
DA:16,5
DA:17,5
DA:18,5
DA:19,5
DA:20,5
DA:21,5
DA:22,5
DA:24,5
DA:25,5
DA:26,5
DA:28,5
DA:29,5
DA:31,5
DA:33,1
LF:26
LH:26
BRDA:6,0,0,5
BRDA:22,1,0,1
BRF:2
BRH:2
end_of_record
TN:
SF:src\components\widget\widget.tsx
FN:6,Widget
FNF:1
FNH:1
FNDA:2,Widget
DA:1,1
DA:2,1
DA:3,1
DA:4,1
DA:6,2
DA:7,2
DA:8,2
DA:9,2
DA:10,2
DA:11,2
DA:12,2
DA:13,2
DA:14,2
DA:15,2
DA:17,2
DA:19,1
LF:16
LH:16
BRDA:6,0,0,2
BRF:1
BRH:1
end_of_record
TN:
SF:src\components\wrapper\wrapper.tsx
FN:7,Wrapper
FNF:1
FNH:1
FNDA:2,Wrapper
DA:1,1
DA:7,2
DA:8,2
DA:9,2
DA:10,2
DA:11,2
DA:12,2
DA:13,2
DA:14,2
DA:16,2
DA:18,1
LF:11
LH:11
BRDA:7,0,0,2
BRF:1
BRH:1
end_of_record
TN:
SF:src\containers\addQuote\addQuote.tsx
FN:12,AddQuote
FN:17,onSave
FN:24,onChange
FN:47,onChange
FNF:4
FNH:4
FNDA:15,AddQuote
FNDA:1,onSave
FNDA:1,onChange
FNDA:1,onChange
DA:1,1
DA:2,1
DA:3,1
DA:4,1
DA:5,1
DA:12,15
DA:13,15
DA:14,15
DA:15,15
DA:17,15
DA:18,1
DA:19,1
DA:20,1
DA:21,1
DA:22,1
DA:24,15
DA:25,1
DA:26,1
DA:28,15
DA:29,15
DA:30,15
DA:31,15
DA:32,15
DA:33,15
DA:35,15
DA:36,15
DA:37,15
DA:38,15
DA:39,15
DA:40,15
DA:41,15
DA:42,15
DA:43,15
DA:44,15
DA:45,15
DA:46,15
DA:47,15
DA:48,15
DA:49,15
DA:51,15
DA:52,1
LF:41
LH:41
BRDA:12,0,0,15
BRDA:17,1,0,1
BRDA:24,2,0,1
BRDA:47,3,0,1
BRF:4
BRH:4
end_of_record
TN:
SF:src\containers\home\home.tsx
FN:4,Home
FNF:1
FNH:1
FNDA:1,Home
DA:1,1
DA:2,1
DA:4,1
DA:5,1
DA:6,1
DA:7,1
DA:8,1
DA:10,1
DA:12,1
LF:9
LH:9
BRDA:4,0,0,1
BRF:1
BRH:1
end_of_record
TN:
SF:src\containers\listQuotes\listQuotes.tsx
FN:11,ListQuotes
FN:39,handleDelete
FNF:2
FNH:2
FNDA:14,ListQuotes
FNDA:1,handleDelete
DA:1,1
DA:2,1
DA:3,1
DA:4,1
DA:5,1
DA:11,14
DA:12,14
DA:13,14
DA:15,14
DA:16,6
DA:17,14
DA:19,14
DA:20,14
DA:22,14
DA:23,14
DA:24,14
DA:25,14
DA:26,14
DA:27,14
DA:28,14
DA:29,14
DA:30,14
DA:31,14
DA:33,14
DA:34,4
DA:35,4
DA:36,4
DA:37,4
DA:38,4
DA:39,4
DA:40,1
DA:41,1
DA:42,1
DA:43,4
DA:45,14
DA:46,14
DA:47,11
DA:48,11
DA:50,11
DA:51,11
DA:53,14
DA:55,14
DA:56,1
LF:43
LH:43
BRDA:11,0,0,14
BRDA:20,1,0,3
BRDA:20,2,0,11
BRDA:46,3,0,11
BRDA:15,4,0,6
BRDA:33,5,0,4
BRDA:39,6,0,1
BRF:7
BRH:7
end_of_record
TN:
SF:src\containers\searchQuote\searchQuote.tsx
FN:6,SearchQuote
FN:9,onChange
FN:27,onChange
FN:33,onClick
FNF:4
FNH:4
FNDA:6,SearchQuote
FNDA:1,onChange
FNDA:1,onChange
FNDA:1,onClick
DA:1,1
DA:2,1
DA:3,1
DA:4,1
DA:6,6
DA:7,6
DA:9,6
DA:10,1
DA:11,1
DA:13,6
DA:14,6
DA:15,6
DA:16,6
DA:17,6
DA:18,6
DA:19,6
DA:20,6
DA:21,6
DA:22,6
DA:23,6
DA:24,6
DA:25,6
DA:26,6
DA:27,6
DA:28,6
DA:29,6
DA:30,6
DA:31,6
DA:32,6
DA:33,6
DA:35,6
DA:36,6
DA:37,6
DA:38,6
DA:39,6
DA:40,6
DA:42,6
DA:44,1
LF:38
LH:38
BRDA:6,0,0,6
BRDA:9,1,0,1
BRDA:27,2,0,1
BRDA:33,3,0,1
BRF:4
BRH:4
end_of_record
TN:
SF:src\providers\quotes.provider.tsx
FN:22,QuotesProvider
FN:25,loadStorageData
FN:34,updateStorageData
FN:45,useQuoteContext
FNF:4
FNH:4
FNDA:23,QuotesProvider
FNDA:12,loadStorageData
FNDA:1,updateStorageData
FNDA:29,useQuoteContext
DA:1,1
DA:8,1
DA:18,1
DA:19,1
DA:20,1
DA:22,1
DA:23,23
DA:25,23
DA:26,12
DA:27,12
DA:28,12
DA:30,23
DA:31,11
DA:32,23
DA:34,23
DA:35,1
DA:36,1
DA:38,23
DA:39,23
DA:40,23
DA:41,23
DA:43,23
DA:45,1
DA:46,29
DA:47,29
DA:48,0
DA:49,0
DA:50,0
DA:51,0
DA:52,29
DA:53,29
LF:31
LH:27
BRDA:22,0,0,23
BRDA:25,1,0,12
BRDA:30,2,0,11
BRDA:34,3,0,1
BRDA:45,4,0,29
BRDA:47,5,0,0
BRF:6
BRH:5
end_of_record
TN:
SF:src\routes\mainRoutes.tsx
FN:1,(empty-report)
FNF:1
FNH:0
FNDA:0,(empty-report)
DA:1,0
DA:2,0
DA:4,0
DA:5,0
DA:6,0
DA:7,0
DA:8,0
DA:9,0
DA:10,0
DA:13,0
LF:10
LH:0
BRDA:1,0,0,0
BRF:1
BRH:0
end_of_record
TN:
SF:src\utils\storage.ts
FN:1,addStorage
FN:5,deleteItem
FN:9,getAllStorage
FNF:3
FNH:3
FNDA:1,addStorage
FNDA:1,deleteItem
FNDA:12,getAllStorage
DA:1,1
DA:2,1
DA:3,1
DA:5,1
DA:6,1
DA:7,1
DA:9,1
DA:10,12
DA:11,2
DA:12,2
DA:13,12
DA:14,12
DA:15,12
LF:13
LH:13
BRDA:1,0,0,1
BRDA:5,1,0,1
BRDA:9,2,0,12
BRDA:10,3,0,2
BRDA:12,4,0,0
BRF:5
BRH:4
end_of_record
